INFO:s3prl.util.download:Requesting URL: https://huggingface.co/s3prl/converted_ckpts/resolve/main/wavlm_large.pt
INFO:s3prl.util.download:Using URL's local file: /jet/home/tjin1/.cache/s3prl/download/f2d5200177fd6a33b278b7b76b454f25cd8ee866d55c122e69fccf6c7467d37d.wavlm_large.pt
INFO:s3prl.upstream.wavlm.WavLM:WavLM Config: {'extractor_mode': 'layer_norm', 'encoder_layers': 24, 'encoder_embed_dim': 1024, 'encoder_ffn_embed_dim': 4096, 'encoder_attention_heads': 16, 'activation_fn': 'gelu', 'layer_norm_first': True, 'conv_feature_layers': '[(512,10,5)] + [(512,3,2)] * 4 + [(512,2,2)] * 2', 'conv_bias': False, 'feature_grad_mult': 1.0, 'normalize': True, 'dropout': 0.0, 'attention_dropout': 0.0, 'activation_dropout': 0.0, 'encoder_layerdrop': 0.0, 'dropout_input': 0.0, 'dropout_features': 0.0, 'mask_length': 10, 'mask_prob': 0.8, 'mask_selection': 'static', 'mask_other': 0.0, 'no_mask_overlap': False, 'mask_min_space': 1, 'mask_channel_length': 10, 'mask_channel_prob': 0.0, 'mask_channel_selection': 'static', 'mask_channel_other': 0.0, 'no_mask_channel_overlap': False, 'mask_channel_min_space': 1, 'conv_pos': 128, 'conv_pos_groups': 16, 'relative_position_embedding': True, 'num_buckets': 320, 'max_distance': 800, 'gru_rel_pos': True}
[Featurizer] - The selected feature hidden_states's downsample rate is 320
[Runner] - Start a new experiment
temperature is 2.0
transfer loss ratio=0.1
[Expert] - using the testing fold: "fold5". Ps. Use -o config.downstream_expert.datarc.test_fold=fold2 to change test_fold in config.
[Expert] - Training path: ./downstream/emotion/meta_data/Session5/train_meta_data.json
[Expert] - Testing path: ./downstream/emotion/meta_data/Session5/test_meta_data.json
Traceback (most recent call last):
  File "/ocean/projects/tra220029p/tjin1/s3prl/s3prl/run_downstream.py", line 221, in <module>
    main()
  File "/ocean/projects/tra220029p/tjin1/s3prl/s3prl/run_downstream.py", line 216, in main
    runner = Runner(args, config)
  File "/ocean/projects/tra220029p/tjin1/s3prl/s3prl/downstream/runner.py", line 98, in __init__
    self.downstream = self._get_downstream()
  File "/ocean/projects/tra220029p/tjin1/s3prl/s3prl/downstream/runner.py", line 194, in _get_downstream
    model = Downstream(
  File "/ocean/projects/tra220029p/tjin1/s3prl/s3prl/downstream/emotion/expert.py", line 98, in __init__
    self.model = model_cls(
  File "/ocean/projects/tra220029p/tjin1/s3prl/s3prl/downstream/model.py", line 49, in __init__
    self.pooling = eval(pooling)(input_dim=latest_dim, activation=activation)
  File "/ocean/projects/tra220029p/tjin1/s3prl/s3prl/downstream/model.py", line 84, in __init__
    super(MeanPooling, self).__init__()
TypeError: super(type, obj): obj must be an instance or subtype of type
